Unhandled exception. Npgsql.PostgresException (0x80004005): 42501: new row violates row-level security policy for table "branches"
   at Npgsql.Internal.NpgsqlConnector.ReadMessageLong(Boolean async, DataRowLoadingMode dataRowLoadingMode, Boolean readingNotifications, Boolean isReadingPrependedMessage)
   at System.Runtime.CompilerServices.PoolingAsyncValueTaskMethodBuilder`1.StateMachineBox`1.System.Threading.Tasks.Sources.IValueTaskSource<TResult>.GetResult(Int16 token)
   at Npgsql.NpgsqlDataReader.NextResult(Boolean async, Boolean isConsuming, CancellationToken cancellationToken)
   at Npgsql.NpgsqlDataReader.NextResult(Boolean async, Boolean isConsuming, CancellationToken cancellationToken)
   at Npgsql.NpgsqlCommand.ExecuteReader(Boolean async, CommandBehavior behavior, CancellationToken cancellationToken)
   at Npgsql.NpgsqlCommand.ExecuteReader(Boolean async, CommandBehavior behavior, CancellationToken cancellationToken)
   at Npgsql.NpgsqlCommand.ExecuteNonQuery(Boolean async, CancellationToken cancellationToken)
   at Microsoft.EntityFrameworkCore.Storage.RelationalCommand.ExecuteNonQueryAsync(RelationalCommandParameterObject parameterObject, CancellationToken cancellationToken)
   at Microsoft.EntityFrameworkCore.Storage.RelationalCommand.ExecuteNonQueryAsync(RelationalCommandParameterObject parameterObject, CancellationToken cancellationToken)
   at Microsoft.EntityFrameworkCore.Storage.RelationalCommand.ExecuteNonQueryAsync(RelationalCommandParameterObject parameterObject, CancellationToken cancellationToken)
   at Microsoft.EntityFrameworkCore.RelationalDatabaseFacadeExtensions.ExecuteSqlRawAsync(DatabaseFacade databaseFacade, String sql, IEnumerable`1 parameters, CancellationToken cancellationToken)
   at Accounting.Infrastructure.Persistence.DbInitializer.ApplyScriptsAsync(AccountingDbContext db, ILogger log, CancellationToken ct) in U:\backend\src\Accounting.Infrastructure\Persistence\DbInitializer.cs:line 75
   at Accounting.Infrastructure.Persistence.DbInitializer.ApplyScriptsAsync(AccountingDbContext db, ILogger log, CancellationToken ct) in U:\backend\src\Accounting.Infrastructure\Persistence\DbInitializer.cs:line 79
   at Accounting.Infrastructure.Persistence.DbInitializer.InitializeAsync(IServiceProvider sp, CancellationToken ct) in U:\backend\src\Accounting.Infrastructure\Persistence\DbInitializer.cs:line 36
   at Accounting.Infrastructure.Persistence.DbInitializer.InitializeAsync(IServiceProvider sp, CancellationToken ct) in U:\backend\src\Accounting.Infrastructure\Persistence\DbInitializer.cs:line 36
   at Program.<Main>$(String[] args) in U:\backend\src\Accounting.Api\Program.cs:line 93
   at Program.<Main>(String[] args)
  Exception data:
    Severity: ERROR
    SqlState: 42501
    MessageText: new row violates row-level security policy for table "branches"
    File: execMain.c
    Line: 2340
    Routine: ExecWithCheckOptions
