 ⨯ ./app/(dashboard)/settings/api-keys/page.tsx
Error:   [31mx[0m Expression expected
     ,-[[36;1;4mU:\frontend\app\(dashboard)\settings\api-keys\page.tsx[0m:211:1]
 [2m208[0m |           </div>
 [2m209[0m |         </div>
 [2m210[0m |       )}
 [2m211[0m |     </>
     : [35;1m      ^[0m
 [2m212[0m |   );
 [2m213[0m | }
     `----
  [31mx[0m Expression expected
     ,-[[36;1;4mU:\frontend\app\(dashboard)\settings\api-keys\page.tsx[0m:212:1]
 [2m209[0m |         </div>
 [2m210[0m |       )}
 [2m211[0m |     </>
 [2m212[0m |   );
     : [35;1m  ^[0m
 [2m213[0m | }
     `----

Caused by:
    Syntax Error

Import trace for requested module:
./app/(dashboard)/settings/api-keys/page.tsx
 ⨯ ./app/(dashboard)/settings/api-keys/page.tsx
Error:   [31mx[0m Expression expected
     ,-[[36;1;4mU:\frontend\app\(dashboard)\settings\api-keys\page.tsx[0m:211:1]
 [2m208[0m |           </div>
 [2m209[0m |         </div>
 [2m210[0m |       )}
 [2m211[0m |     </>
     : [35;1m      ^[0m
 [2m212[0m |   );
 [2m213[0m | }
     `----
  [31mx[0m Expression expected
     ,-[[36;1;4mU:\frontend\app\(dashboard)\settings\api-keys\page.tsx[0m:212:1]
 [2m209[0m |         </div>
 [2m210[0m |       )}
 [2m211[0m |     </>
 [2m212[0m |   );
     : [35;1m  ^[0m
 [2m213[0m | }
     `----

Caused by:
    Syntax Error

Import trace for requested module:
./app/(dashboard)/settings/api-keys/page.tsx
 ⚠ Fast Refresh had to perform a full reload. Read more: https://nextjs.org/docs/messages/fast-refresh-reload
 ⨯ ./app/(dashboard)/settings/wht-types/page.tsx
Error:   [31mx[0m Expression expected
     ,-[[36;1;4mU:\frontend\app\(dashboard)\settings\wht-types\page.tsx[0m:229:1]
 [2m226[0m |           <button className="modal-backdrop" aria-label="close" onClick={() => setRateChange(null)} />
 [2m227[0m |         </div>
 [2m228[0m |       )}
 [2m229[0m |     </>
     : [35;1m      ^[0m
 [2m230[0m |   );
 [2m231[0m | }
     `----
  [31mx[0m Expression expected
     ,-[[36;1;4mU:\frontend\app\(dashboard)\settings\wht-types\page.tsx[0m:230:1]
 [2m227[0m |         </div>
 [2m228[0m |       )}
 [2m229[0m |     </>
 [2m230[0m |   );
     : [35;1m  ^[0m
 [2m231[0m | }
     `----

Caused by:
    Syntax Error

Import trace for requested module:
./app/(dashboard)/settings/wht-types/page.tsx
 ⨯ SyntaxError: Unexpected end of JSON input
    at JSON.parse (<anonymous>) {
  page: '/login'
}
 ⨯ [Error [InvariantError]: Invariant: Expected clientReferenceManifest to be defined. This is a bug in Next.js.]
 ⨯ [Error [InvariantError]: Invariant: Expected clientReferenceManifest to be defined. This is a bug in Next.js.] {
  page: '/number-gaps'
}
 ⨯ SyntaxError: Unexpected end of JSON input
    at JSON.parse (<anonymous>) {
  page: '/login'
}
[TypeError: fetch failed] {
  [cause]: [AggregateError: ] { code: 'ECONNREFUSED' }
}
[TypeError: fetch failed] {
  [cause]: [AggregateError: ] { code: 'ECONNREFUSED' }
}
[TypeError: fetch failed] {
  [cause]: [AggregateError: ] { code: 'ECONNREFUSED' }
}
[TypeError: fetch failed] {
  [cause]: [AggregateError: ] { code: 'ECONNREFUSED' }
}
[TypeError: fetch failed] {
  [cause]: [AggregateError: ] { code: 'ECONNREFUSED' }
}
[TypeError: fetch failed] {
  [cause]: [AggregateError: ] { code: 'ECONNREFUSED' }
}
[TypeError: fetch failed] {
  [cause]: [AggregateError: ] { code: 'ECONNREFUSED' }
}
[TypeError: fetch failed] {
  [cause]: [AggregateError: ] { code: 'ECONNREFUSED' }
}
[TypeError: fetch failed] {
  [cause]: [AggregateError: ] { code: 'ECONNREFUSED' }
}
[TypeError: fetch failed] {
  [cause]: [AggregateError: ] { code: 'ECONNREFUSED' }
}
 ⨯ ./app/api/auth/login/route.ts
Error:   [31mx[0m Expected a semicolon
    ,-[[36;1;4mU:\frontend\app\api\auth\login\route.ts[0m:63:1]
 [2m60[0m |     ...(expires && !Number.isNaN(expires.getTime()) ? { expires } : {}),
 [2m61[0m |   });
 [2m62[0m |   return res;
 [2m63[0m | }
    : [35;1m ^[0m
    `----
  [31mx[0m Expected '}', got '<eof>'
    ,-[[36;1;4mU:\frontend\app\api\auth\login\route.ts[0m:63:1]
 [2m60[0m |     ...(expires && !Number.isNaN(expires.getTime()) ? { expires } : {}),
 [2m61[0m |   });
 [2m62[0m |   return res;
 [2m63[0m | }
    : [35;1m ^[0m
    `----

Caused by:
    Syntax Error

Import trace for requested module:
./app/api/auth/login/route.ts
 ⨯ ./app/api/auth/login/route.ts
Error:   [31mx[0m Expected a semicolon
    ,-[[36;1;4mU:\frontend\app\api\auth\login\route.ts[0m:63:1]
 [2m60[0m |     ...(expires && !Number.isNaN(expires.getTime()) ? { expires } : {}),
 [2m61[0m |   });
 [2m62[0m |   return res;
 [2m63[0m | }
    : [35;1m ^[0m
    `----
  [31mx[0m Expected '}', got '<eof>'
    ,-[[36;1;4mU:\frontend\app\api\auth\login\route.ts[0m:63:1]
 [2m60[0m |     ...(expires && !Number.isNaN(expires.getTime()) ? { expires } : {}),
 [2m61[0m |   });
 [2m62[0m |   return res;
 [2m63[0m | }
    : [35;1m ^[0m
    `----

Caused by:
    Syntax Error

Import trace for requested module:
./app/api/auth/login/route.ts
 ⚠ Fast Refresh had to perform a full reload. Read more: https://nextjs.org/docs/messages/fast-refresh-reload
 ⚠ Fast Refresh had to perform a full reload. Read more: https://nextjs.org/docs/messages/fast-refresh-reload
 ⚠ Fast Refresh had to perform a full reload. Read more: https://nextjs.org/docs/messages/fast-refresh-reload
[/api/auth/login] handler threw: [TypeError: fetch failed] {
  [cause]: [AggregateError: ] { code: 'ECONNREFUSED' }
}
 ⨯ SyntaxError: Unexpected end of JSON input
    at JSON.parse (<anonymous>) {
  page: '/login'
}
 ⨯ The requested resource isn't a valid image for /teas-mascot.png received null
 ⨯ The requested resource isn't a valid image for /teas-mascot.png received null
 ⨯ ./app/(dashboard)/quotations/page.tsx
Error:   [31mx[0m Unterminated regexp literal
    ,-[[36;1;4mU:\frontend\app\(dashboard)\quotations\page.tsx[0m:77:1]
 [2m74[0m |           </tbody>
 [2m75[0m |         </table>
 [2m76[0m |       </div>
 [2m77[0m |     </>
    : [35;1m     ^^[0m
 [2m78[0m |   );
 [2m79[0m | }
    `----

Caused by:
    Syntax Error

Import trace for requested module:
./app/(dashboard)/quotations/page.tsx
 ⨯ ./app/(dashboard)/quotations/page.tsx
Error:   [31mx[0m Unterminated regexp literal
    ,-[[36;1;4mU:\frontend\app\(dashboard)\quotations\page.tsx[0m:77:1]
 [2m74[0m |           </tbody>
 [2m75[0m |         </table>
 [2m76[0m |       </div>
 [2m77[0m |     </>
    : [35;1m     ^^[0m
 [2m78[0m |   );
 [2m79[0m | }
    `----

Caused by:
    Syntax Error

Import trace for requested module:
./app/(dashboard)/quotations/page.tsx
 ⚠ Fast Refresh had to perform a full reload. Read more: https://nextjs.org/docs/messages/fast-refresh-reload
 ⨯ The requested resource isn't a valid image for /teas-mascot.png received null
 ⨯ ./components/forms/QuotationForm.tsx
Error:   [31mx[0m Expression expected
     ,-[[36;1;4mU:\frontend\components\forms\QuotationForm.tsx[0m:305:1]
 [2m302[0m |           </div>
 [2m303[0m |         </div>
 [2m304[0m |       </form>
 [2m305[0m |     </>
     : [35;1m      ^[0m
 [2m306[0m |   );
 [2m307[0m | }
     `----
  [31mx[0m Expression expected
     ,-[[36;1;4mU:\frontend\components\forms\QuotationForm.tsx[0m:306:1]
 [2m303[0m |         </div>
 [2m304[0m |       </form>
 [2m305[0m |     </>
 [2m306[0m |   );
     : [35;1m  ^[0m
 [2m307[0m | }
     `----

Caused by:
    Syntax Error

Import trace for requested module:
./components/forms/QuotationForm.tsx
./app/(dashboard)/quotations/new/page.tsx
 ⨯ ./components/forms/QuotationForm.tsx
Error:   [31mx[0m Expression expected
     ,-[[36;1;4mU:\frontend\components\forms\QuotationForm.tsx[0m:305:1]
 [2m302[0m |           </div>
 [2m303[0m |         </div>
 [2m304[0m |       </form>
 [2m305[0m |     </>
     : [35;1m      ^[0m
 [2m306[0m |   );
 [2m307[0m | }
     `----
  [31mx[0m Expression expected
     ,-[[36;1;4mU:\frontend\components\forms\QuotationForm.tsx[0m:306:1]
 [2m303[0m |         </div>
 [2m304[0m |       </form>
 [2m305[0m |     </>
 [2m306[0m |   );
     : [35;1m  ^[0m
 [2m307[0m | }
     `----

Caused by:
    Syntax Error

Import trace for requested module:
./components/forms/QuotationForm.tsx
./app/(dashboard)/quotations/new/page.tsx
 ⚠ Fast Refresh had to perform a full reload. Read more: https://nextjs.org/docs/messages/fast-refresh-reload
 ⨯ SyntaxError: Unexpected end of JSON input
    at JSON.parse (<anonymous>) {
  page: '/login'
}
 ⚠ Fast Refresh had to perform a full reload. Read more: https://nextjs.org/docs/messages/fast-refresh-reload
 ⚠ Fast Refresh had to perform a full reload. Read more: https://nextjs.org/docs/messages/fast-refresh-reload
 ⨯ The requested resource isn't a valid image for /teas-mascot.png received null
 ⨯ ./components/forms/BillingNoteForm.tsx
Error:   [31mx[0m Expression expected
     ,-[[36;1;4mU:\frontend\components\forms\BillingNoteForm.tsx[0m:310:1]
 [2m307[0m |           </div>
 [2m308[0m |         </div>
 [2m309[0m |       </form>
 [2m310[0m |     </>
     : [35;1m      ^[0m
 [2m311[0m |   );
 [2m312[0m | }
     `----
  [31mx[0m Expression expected
     ,-[[36;1;4mU:\frontend\components\forms\BillingNoteForm.tsx[0m:311:1]
 [2m308[0m |         </div>
 [2m309[0m |       </form>
 [2m310[0m |     </>
 [2m311[0m |   );
     : [35;1m  ^[0m
 [2m312[0m | }
     `----

Caused by:
    Syntax Error

Import trace for requested module:
./components/forms/BillingNoteForm.tsx
./app/(dashboard)/billing-notes/new/page.tsx
 ⨯ ./components/forms/AdjustmentNoteForm.tsx
Error:   [31mx[0m Expression expected
     ,-[[36;1;4mU:\frontend\components\forms\AdjustmentNoteForm.tsx[0m:197:1]
 [2m194[0m |           finally { setConfirm(null); }
 [2m195[0m |         }}
 [2m196[0m |       />
 [2m197[0m |     </>
     : [35;1m      ^[0m
 [2m198[0m |   );
 [2m199[0m | }
     `----
  [31mx[0m Expression expected
     ,-[[36;1;4mU:\frontend\components\forms\AdjustmentNoteForm.tsx[0m:198:1]
 [2m195[0m |         }}
 [2m196[0m |       />
 [2m197[0m |     </>
 [2m198[0m |   );
     : [35;1m  ^[0m
 [2m199[0m | }
     `----

Caused by:
    Syntax Error

Import trace for requested module:
./components/forms/AdjustmentNoteForm.tsx
./app/(dashboard)/credit-notes/new/page.tsx
 ⨯ ./components/forms/AdjustmentNoteForm.tsx
Error:   [31mx[0m Expression expected
     ,-[[36;1;4mU:\frontend\components\forms\AdjustmentNoteForm.tsx[0m:197:1]
 [2m194[0m |           finally { setConfirm(null); }
 [2m195[0m |         }}
 [2m196[0m |       />
 [2m197[0m |     </>
     : [35;1m      ^[0m
 [2m198[0m |   );
 [2m199[0m | }
     `----
  [31mx[0m Expression expected
     ,-[[36;1;4mU:\frontend\components\forms\AdjustmentNoteForm.tsx[0m:198:1]
 [2m195[0m |         }}
 [2m196[0m |       />
 [2m197[0m |     </>
 [2m198[0m |   );
     : [35;1m  ^[0m
 [2m199[0m | }
     `----

Caused by:
    Syntax Error

Import trace for requested module:
./components/forms/AdjustmentNoteForm.tsx
./app/(dashboard)/credit-notes/new/page.tsx
 ⚠ Fast Refresh had to perform a full reload. Read more: https://nextjs.org/docs/messages/fast-refresh-reload
 ⨯ The requested resource isn't a valid image for /teas-mascot.png received null
 ⨯ ./app/(dashboard)/tax-invoices/new/page.tsx
Error:   [31mx[0m Expression expected
     ,-[[36;1;4mU:\frontend\app\(dashboard)\tax-invoices\new\page.tsx[0m:249:1]
 [2m246[0m |           }
 [2m247[0m |         }}
 [2m248[0m |       />
 [2m249[0m |     </>
     : [35;1m      ^[0m
 [2m250[0m |   );
 [2m251[0m | }
     `----
  [31mx[0m Expression expected
     ,-[[36;1;4mU:\frontend\app\(dashboard)\tax-invoices\new\page.tsx[0m:250:1]
 [2m247[0m |         }}
 [2m248[0m |       />
 [2m249[0m |     </>
 [2m250[0m |   );
     : [35;1m  ^[0m
 [2m251[0m | }
     `----

Caused by:
    Syntax Error

Import trace for requested module:
./app/(dashboard)/tax-invoices/new/page.tsx
 ⚠ Fast Refresh had to perform a full reload. Read more: https://nextjs.org/docs/messages/fast-refresh-reload
 ⨯ The requested resource isn't a valid image for /teas-mascot.png received null
 ⨯ ./app/(dashboard)/receipts/new/page.tsx
Error:   [31mx[0m Expression expected
     ,-[[36;1;4mU:\frontend\app\(dashboard)\receipts\new\page.tsx[0m:287:1]
 [2m284[0m |           finally { setConfirm(null); }
 [2m285[0m |         }}
 [2m286[0m |       />
 [2m287[0m |     </>
     : [35;1m      ^[0m
 [2m288[0m |   );
 [2m289[0m | }
     `----
  [31mx[0m Expression expected
     ,-[[36;1;4mU:\frontend\app\(dashboard)\receipts\new\page.tsx[0m:288:1]
 [2m285[0m |         }}
 [2m286[0m |       />
 [2m287[0m |     </>
 [2m288[0m |   );
     : [35;1m  ^[0m
 [2m289[0m | }
     `----

Caused by:
    Syntax Error

Import trace for requested module:
./app/(dashboard)/receipts/new/page.tsx
 ⚠ Fast Refresh had to perform a full reload. Read more: https://nextjs.org/docs/messages/fast-refresh-reload
 ⨯ The requested resource isn't a valid image for /teas-mascot.png received null
